1366107073999|-1||debug||com.p6spy.engine.common.P6SpyOptions reloading properties
1366107074003|-1||info||Using properties file: E:\developer\workspace\maven-framework-project\target\classes\spy.properties
1366107074003|-1||info||No value in environment for: getAppender, using: com.p6spy.engine.logging.appender.FileLogger
1366107074003|-1||info||No value in environment for: getDeregisterDrivers, using: true
1366107074003|-1||info||No value in environment for: getUsePrefix, using: false
1366107074003|-1||info||No value in environment for: getExecutionThreshold, using: 0
1366107074003|-1||info||No value in environment for: getAutoflush, using: true
1366107074004|-1||info||No value in environment for: getExclude, using: 
1366107074004|-1||info||No value in environment for: getExcludecategories, using: info,debug,result,batch
1366107074004|-1||info||No value in environment for: getInclude, using: 
1366107074004|-1||info||No value in environment for: getIncludecategories, using: 
1366107074004|-1||info||No value in environment for: getLogfile, using: spy.log
1366107074004|-1||info||No value in environment for: getRealdriver, using: com.mysql.jdbc.Driver
1366107074004|-1||info||No value in environment for: getRealdriver2, using: 
1366107074004|-1||info||No value in environment for: getRealdriver3, using: 
1366107074004|-1||info||No value in environment for: getAppend, using: true
1366107074004|-1||info||No value in environment for: getSpydriver, using: com.p6spy.engine.spy.P6SpyDriver
1366107074004|-1||info||No value in environment for: getDateformat, using: 
1366107074004|-1||info||No value in environment for: getDateformatter, using: null
1366107074004|-1||info||No value in environment for: getStringmatcher, using: com.p6spy.engine.common.SubstringMatcher
1366107074004|-1||info||No value in environment for: getStringMatcherEngine, using: com.p6spy.engine.common.SubstringMatcher@18c3679
1366107074004|-1||info||No value in environment for: getStackTraceClass, using: 
1366107074004|-1||info||No value in environment for: getSQLExpression, using: null
1366107074004|-1||info||No value in environment for: getReloadProperties, using: false
1366107074004|-1||info||No value in environment for: getReloadPropertiesInterval, using: 60
1366107074004|-1||info||No value in environment for: getJNDIContextFactory, using: null
1366107074004|-1||info||No value in environment for: getJNDIContextProviderURL, using: null
1366107074005|-1||info||No value in environment for: getJNDIContextCustom, using: null
1366107074005|-1||info||No value in environment for: getRealDataSource, using: null
1366107074005|-1||info||No value in environment for: getRealDataSourceClass, using: null
1366107074005|-1||info||No value in environment for: getRealDataSourceProperties, using: null
1366107074005|-1||info||No value in environment for: getStackTrace, using: false
1366107074005|-1||info||No value in environment for: getFilter, using: false
1366107076358|7|2|statement|select user0_.id as id1_2_, user0_.deptid as deptid3_2_, user0_.username as username2_2_ from framework.user user0_ where user0_.id=?|select user0_.id as id1_2_, user0_.deptid as deptid3_2_, user0_.username as username2_2_ from framework.user user0_ where user0_.id=1
1366107076369|-1||resultset|select user0_.id as id1_2_, user0_.deptid as deptid3_2_, user0_.username as username2_2_ from framework.user user0_ where user0_.id=1|deptid3_2_ = 1, id1_2_ = 1, username2_2_ = 小李
1366107076373|0|2|statement|select dept0_.id as id1_1_0_, dept0_.deptname as deptname2_1_0_ from framework.dept dept0_ where dept0_.id=?|select dept0_.id as id1_1_0_, dept0_.deptname as deptname2_1_0_ from framework.dept dept0_ where dept0_.id=1
1366107076374|-1||resultset|select dept0_.id as id1_1_0_, dept0_.deptname as deptname2_1_0_ from framework.dept dept0_ where dept0_.id=1|deptname2_1_0_ = 文化部
1366107076398|1|2|commit||
